2021-08-06 19:32:00,888 - Log4JLogChute initialized using file 'velocity.log'
2021-08-06 19:32:00,889 - Velocity was not initialized! Calling init()...
2021-08-06 19:32:00,889 - Starting Apache Velocity v1.5 (compiled: 2007-02-22 08:52:29)
2021-08-06 19:32:00,889 - Default Properties File: org/apache/velocity/runtime/defaults/velocity.properties
2021-08-06 19:32:00,889 - Trying to use logger class org.apache.velocity.runtime.log.AvalonLogChute
2021-08-06 19:32:00,890 - Couldn't find class org.apache.velocity.runtime.log.AvalonLogChute or necessary supporting classes in classpath.
java.lang.NoClassDefFoundError: org/apache/log/format/Formatter
	at java.lang.Class.forName0(Native Method)
	at java.lang.Class.forName(Class.java:348)
	at org.apache.velocity.util.ClassUtils.getClass(ClassUtils.java:63)
	at org.apache.velocity.util.ClassUtils.getNewInstance(ClassUtils.java:95)
	at org.apache.velocity.runtime.log.LogManager.createLogChute(LogManager.java:147)
	at org.apache.velocity.runtime.log.LogManager.updateLog(LogManager.java:208)
	at org.apache.velocity.runtime.RuntimeInstance.initializeLog(RuntimeInstance.java:728)
	at org.apache.velocity.runtime.RuntimeInstance.init(RuntimeInstance.java:240)
	at org.apache.velocity.runtime.RuntimeInstance.parse(RuntimeInstance.java:993)
	at org.apache.velocity.runtime.RuntimeInstance.parse(RuntimeInstance.java:972)
	at org.apache.velocity.runtime.RuntimeSingleton.parse(RuntimeSingleton.java:265)
	at org.apache.velocity.app.Velocity.evaluate(Velocity.java:274)
	at com.jduan.weather.WeatherFormatter.format(WeatherFormatter.java:23)
	at com.jduan.weather.WeatherService.retrieveForecast(WeatherService.java:15)
	at org.sonatype.mavenbook.web.SimpleServlet.doGet(SimpleServlet.java:17)
	at javax.servlet.http.HttpServlet.service(HttpServlet.java:707)
	at javax.servlet.http.HttpServlet.service(HttpServlet.java:820)
	at org.mortbay.jetty.servlet.ServletHolder.handle(ServletHolder.java:487)
	at org.mortbay.jetty.servlet.ServletHandler.handle(ServletHandler.java:362)
	at org.mortbay.jetty.security.SecurityHandler.handle(SecurityHandler.java:216)
	at org.mortbay.jetty.servlet.SessionHandler.handle(SessionHandler.java:181)
	at org.mortbay.jetty.handler.ContextHandler.handle(ContextHandler.java:726)
	at org.mortbay.jetty.webapp.WebAppContext.handle(WebAppContext.java:405)
	at org.mortbay.jetty.handler.ContextHandlerCollection.handle(ContextHandlerCollection.java:206)
	at org.mortbay.jetty.handler.HandlerCollection.handle(HandlerCollection.java:114)
	at org.mortbay.jetty.handler.HandlerWrapper.handle(HandlerWrapper.java:152)
	at org.mortbay.jetty.Server.handle(Server.java:324)
	at org.mortbay.jetty.HttpConnection.handleRequest(HttpConnection.java:505)
	at org.mortbay.jetty.HttpConnection$RequestHandler.headerComplete(HttpConnection.java:828)
	at org.mortbay.jetty.HttpParser.parseNext(HttpParser.java:514)
	at org.mortbay.jetty.HttpParser.parseAvailable(HttpParser.java:211)
	at org.mortbay.jetty.HttpConnection.handle(HttpConnection.java:380)
	at org.mortbay.io.nio.SelectChannelEndPoint.run(SelectChannelEndPoint.java:395)
	at org.mortbay.thread.BoundedThreadPool$PoolThread.run(BoundedThreadPool.java:450)
Caused by: java.lang.ClassNotFoundException: org.apache.log.format.Formatter
	at org.codehaus.plexus.classworlds.strategy.SelfFirstStrategy.loadClass(SelfFirstStrategy.java:50)
	at org.codehaus.plexus.classworlds.realm.ClassRealm.unsynchronizedLoadClass(ClassRealm.java:271)
	at org.codehaus.plexus.classworlds.realm.ClassRealm.loadClass(ClassRealm.java:247)
	at org.codehaus.plexus.classworlds.realm.ClassRealm.loadClass(ClassRealm.java:239)
	at org.mortbay.jetty.webapp.WebAppClassLoader.loadClass(WebAppClassLoader.java:375)
	at org.mortbay.jetty.webapp.WebAppClassLoader.loadClass(WebAppClassLoader.java:337)
	... 34 more
2021-08-06 19:32:00,891 - Trying to use logger class org.apache.velocity.runtime.log.Log4JLogChute
2021-08-06 19:32:00,891 - Using logger class org.apache.velocity.runtime.log.Log4JLogChute
2021-08-06 19:32:00,893 - Default ResourceManager initializing. (class org.apache.velocity.runtime.resource.ResourceManagerImpl)
2021-08-06 19:32:00,896 - ResourceLoader instantiated: org.apache.velocity.runtime.resource.loader.FileResourceLoader
2021-08-06 19:32:00,897 - Do unicode file recognition:  false
2021-08-06 19:32:00,898 - FileResourceLoader : adding path '.'
2021-08-06 19:32:00,904 - ResourceCache: initialized (class org.apache.velocity.runtime.resource.ResourceCacheImpl)
2021-08-06 19:32:00,906 - Loaded System Directive: org.apache.velocity.runtime.directive.Literal
2021-08-06 19:32:00,906 - Loaded System Directive: org.apache.velocity.runtime.directive.Macro
2021-08-06 19:32:00,907 - Loaded System Directive: org.apache.velocity.runtime.directive.Parse
2021-08-06 19:32:00,907 - Loaded System Directive: org.apache.velocity.runtime.directive.Include
2021-08-06 19:32:00,908 - Loaded System Directive: org.apache.velocity.runtime.directive.Foreach
2021-08-06 19:32:00,919 - Created '20' parsers.
2021-08-06 19:32:00,921 - Velocimacro : "velocimacro.library" is not set.  Trying default library: VM_global_library.vm
2021-08-06 19:32:00,921 - Velocimacro : Default library not found.
2021-08-06 19:32:00,921 - Velocimacro : allowInline = true : VMs can be defined inline in templates
2021-08-06 19:32:00,921 - Velocimacro : allowInlineToOverride = false : VMs defined inline may NOT replace previous VM definitions
2021-08-06 19:32:00,921 - Velocimacro : allowInlineLocal = false : VMs defined inline will be global in scope if allowed.
2021-08-06 19:32:00,921 - Velocimacro : autoload off : VM system will not automatically reload global library macros
